This is pdfTeX, Version 3.1415926-2.3-1.40.12 (MiKTeX 2.9) (preloaded format=pdflatex 2012.5.15)  23 MAY 2012 22:00
entering extended mode
**LaTeX_DIA.tex
(C:\Users\Ward\Dia\LaTeX_DIA.tex
LaTeX2e <2011/06/27>
Babel <v3.8m> and hyphenation patterns for english, afrikaans, ancientgreek, ar
abic, armenian, assamese, basque, bengali, bokmal, bulgarian, catalan, coptic, 
croatian, czech, danish, dutch, esperanto, estonian, farsi, finnish, french, ga
lician, german, german-x-2009-06-19, greek, gujarati, hindi, hungarian, iceland
ic, indonesian, interlingua, irish, italian, kannada, kurmanji, lao, latin, lat
vian, lithuanian, malayalam, marathi, mongolian, mongolianlmc, monogreek, ngerm
an, ngerman-x-2009-06-19, nynorsk, oriya, panjabi, pinyin, polish, portuguese, 
romanian, russian, sanskrit, serbian, slovak, slovenian, spanish, swedish, swis
sgerman, tamil, telugu, turkish, turkmen, ukenglish, ukrainian, uppersorbian, u
senglishmax, welsh, loaded.
("C:\Program Files (x86)\MikTex\tex\latex\base\report.cls"
Document Class: report 2007/10/19 v1.4h Standard LaTeX document class
("C:\Program Files (x86)\MikTex\tex\latex\base\size12.clo"
File: size12.clo 2007/10/19 v1.4h Standard LaTeX file (size option)
)
\c@part=\count79
\c@chapter=\count80
\c@section=\count81
\c@subsection=\count82
\c@subsubsection=\count83
\c@paragraph=\count84
\c@subparagraph=\count85
\c@figure=\count86
\c@table=\count87
\abovecaptionskip=\skip41
\belowcaptionskip=\skip42
\bibindent=\dimen102
)
("C:\Program Files (x86)\MikTex\tex\latex\graphics\graphicx.sty"
Package: graphicx 1999/02/16 v1.0f Enhanced LaTeX Graphics (DPC,SPQR)

("C:\Program Files (x86)\MikTex\tex\latex\graphics\keyval.sty"
Package: keyval 1999/03/16 v1.13 key=value parser (DPC)
\KV@toks@=\toks14
)
("C:\Program Files (x86)\MikTex\tex\latex\graphics\graphics.sty"
Package: graphics 2009/02/05 v1.0o Standard LaTeX Graphics (DPC,SPQR)

("C:\Program Files (x86)\MikTex\tex\latex\graphics\trig.sty"
Package: trig 1999/03/16 v1.09 sin cos tan (DPC)
)
("C:\Program Files (x86)\MikTex\tex\latex\00miktex\graphics.cfg"
File: graphics.cfg 2007/01/18 v1.5 graphics configuration of teTeX/TeXLive
)
Package graphics Info: Driver file: pdftex.def on input line 91.

("C:\Program Files (x86)\MikTex\tex\latex\pdftex-def\pdftex.def"
File: pdftex.def 2011/05/27 v0.06d Graphics/color for pdfTeX

("C:\Program Files (x86)\MikTex\tex\generic\oberdiek\infwarerr.sty"
Package: infwarerr 2010/04/08 v1.3 Providing info/warning/message (HO)
)
("C:\Program Files (x86)\MikTex\tex\generic\oberdiek\ltxcmds.sty"
Package: ltxcmds 2011/04/18 v1.20 LaTeX kernel commands for general use (HO)
)
\Gread@gobject=\count88
))
\Gin@req@height=\dimen103
\Gin@req@width=\dimen104
)
("C:\Program Files (x86)\MikTex\tex\latex\ltxmisc\url.sty"
\Urlmuskip=\muskip10
Package: url 2006/04/12  ver 3.3  Verb mode for urls, etc.
)
("C:\Program Files (x86)\MikTex\tex\latex\hyperref\hyperref.sty"
Package: hyperref 2011/12/04 v6.82m Hypertext links for LaTeX

("C:\Program Files (x86)\MikTex\tex\generic\oberdiek\hobsub-hyperref.sty"
Package: hobsub-hyperref 2011/04/23 v1.4 Bundle oberdiek, subset hyperref (HO)

("C:\Program Files (x86)\MikTex\tex\generic\oberdiek\hobsub-generic.sty"
Package: hobsub-generic 2011/04/23 v1.4 Bundle oberdiek, subset generic (HO)
Package: hobsub 2011/04/23 v1.4 Subsetting bundle oberdiek (HO)
Package hobsub Info: Skipping package `infwarerr' (already loaded).
Package hobsub Info: Skipping package `ltxcmds' (already loaded).
Package: ifluatex 2010/03/01 v1.3 Provides the ifluatex switch (HO)
Package ifluatex Info: LuaTeX not detected.
Package: ifvtex 2010/03/01 v1.5 Switches for detecting VTeX and its modes (HO)
Package ifvtex Info: VTeX not detected.
Package: intcalc 2007/09/27 v1.1 Expandable integer calculations (HO)
Package: ifpdf 2011/01/30 v2.3 Provides the ifpdf switch (HO)
Package ifpdf Info: pdfTeX in PDF mode is detected.
Package: etexcmds 2011/02/16 v1.5 Prefix for e-TeX command names (HO)
Package etexcmds Info: Could not find \expanded.
(etexcmds)             That can mean that you are not using pdfTeX 1.50 or
(etexcmds)             that some package has redefined \expanded.
(etexcmds)             In the latter case, load this package earlier.
Package: kvsetkeys 2011/04/07 v1.13 Key value parser (HO)
Package: kvdefinekeys 2011/04/07 v1.3 Defining keys (HO)
Package: pdftexcmds 2011/04/22 v0.16 Utilities of pdfTeX for LuaTeX (HO)
Package pdftexcmds Info: LuaTeX not detected.
Package pdftexcmds Info: \pdf@primitive is available.
Package pdftexcmds Info: \pdf@ifprimitive is available.
Package pdftexcmds Info: \pdfdraftmode found.
Package: pdfescape 2011/04/04 v1.12 Provides string conversions (HO)
Package: bigintcalc 2011/01/30 v1.2 Expandable big integer calculations (HO)
Package: bitset 2011/01/30 v1.1 Data type bit set (HO)
Package: uniquecounter 2011/01/30 v1.2 Provides unlimited unique counter (HO)
)
Package hobsub Info: Skipping package `hobsub' (already loaded).
Package: letltxmacro 2010/09/02 v1.4 Let assignment for LaTeX macros (HO)
Package: hopatch 2011/01/30 v1.0 Wrapper for package hooks (HO)
Package: xcolor-patch 2011/01/30 xcolor patch
Package: atveryend 2011/04/23 v1.7 Hooks at very end of document (HO)
Package: atbegshi 2011/01/30 v1.15 At begin shipout hook (HO)
Package: refcount 2010/12/01 v3.2 Data extraction from references (HO)
Package: hycolor 2011/01/30 v1.7 Color options of hyperref/bookmark (HO)
)
("C:\Program Files (x86)\MikTex\tex\generic\ifxetex\ifxetex.sty"
Package: ifxetex 2010/09/12 v0.6 Provides ifxetex conditional
)
("C:\Program Files (x86)\MikTex\tex\latex\oberdiek\kvoptions.sty"
Package: kvoptions 2010/12/23 v3.10 Keyval support for LaTeX options (HO)
)
\@linkdim=\dimen105
\Hy@linkcounter=\count89
\Hy@pagecounter=\count90

("C:\Program Files (x86)\MikTex\tex\latex\hyperref\pd1enc.def"
File: pd1enc.def 2011/12/04 v6.82m Hyperref: PDFDocEncoding definition (HO)
)
\Hy@SavedSpaceFactor=\count91

("C:\Program Files (x86)\MikTex\tex\latex\00miktex\hyperref.cfg"
File: hyperref.cfg 2002/06/06 v1.2 hyperref configuration of TeXLive
)
Package hyperref Info: Hyper figures OFF on input line 4046.
Package hyperref Info: Link nesting OFF on input line 4051.
Package hyperref Info: Hyper index ON on input line 4054.
Package hyperref Info: Plain pages OFF on input line 4061.
Package hyperref Info: Backreferencing OFF on input line 4066.
Package hyperref Info: Implicit mode ON; LaTeX internals redefined.
Package hyperref Info: Bookmarks ON on input line 4284.
\c@Hy@tempcnt=\count92
LaTeX Info: Redefining \url on input line 4637.
\Fld@menulength=\count93
\Field@Width=\dimen106
\Fld@charsize=\dimen107
Package hyperref Info: Hyper figures OFF on input line 5757.
Package hyperref Info: Link nesting OFF on input line 5762.
Package hyperref Info: Hyper index ON on input line 5765.
Package hyperref Info: backreferencing OFF on input line 5772.
Package hyperref Info: Link coloring OFF on input line 5777.
Package hyperref Info: Link coloring with OCG OFF on input line 5782.
Package hyperref Info: PDF/A mode OFF on input line 5787.
LaTeX Info: Redefining \ref on input line 5827.
LaTeX Info: Redefining \pageref on input line 5831.
\Hy@abspage=\count94
\c@Item=\count95
\c@Hfootnote=\count96
)

Package hyperref Message: Driver (autodetected): hpdftex.

("C:\Program Files (x86)\MikTex\tex\latex\hyperref\hpdftex.def"
File: hpdftex.def 2011/12/04 v6.82m Hyperref driver for pdfTeX
\Fld@listcount=\count97
\c@bookmark@seq@number=\count98

("C:\Program Files (x86)\MikTex\tex\latex\oberdiek\rerunfilecheck.sty"
Package: rerunfilecheck 2011/04/15 v1.7 Rerun checks for auxiliary files (HO)
Package uniquecounter Info: New unique counter `rerunfilecheck' on input line 2
82.
)
\Hy@SectionHShift=\skip43
)
(C:\Users\Ward\Dia\fancyhdr.sty
\fancy@headwidth=\skip44
\f@ncyO@elh=\skip45
\f@ncyO@erh=\skip46
\f@ncyO@olh=\skip47
\f@ncyO@orh=\skip48
\f@ncyO@elf=\skip49
\f@ncyO@erf=\skip50
\f@ncyO@olf=\skip51
\f@ncyO@orf=\skip52
)
("C:\Program Files (x86)\MikTex\tex\latex\float\float.sty"
Package: float 2001/11/08 v1.3d Float enhancements (AL)
\c@float@type=\count99
\float@exts=\toks15
\float@box=\box26
\@float@everytoks=\toks16
\@floatcapt=\box27
)
(C:\Users\Ward\Dia\lastpage.sty
Package: lastpage 1994/06/25 v0.1b LaTeX2e package for refs to last page number
 (JPG)
) (C:\Users\Ward\Dia\LaTeX_DIA.aux)
LaTeX Font Info:    Checking defaults for OML/cmm/m/it on input line 12.
LaTeX Font Info:    ... okay on input line 12.
LaTeX Font Info:    Checking defaults for T1/cmr/m/n on input line 12.
LaTeX Font Info:    ... okay on input line 12.
LaTeX Font Info:    Checking defaults for OT1/cmr/m/n on input line 12.
LaTeX Font Info:    ... okay on input line 12.
LaTeX Font Info:    Checking defaults for OMS/cmsy/m/n on input line 12.
LaTeX Font Info:    ... okay on input line 12.
LaTeX Font Info:    Checking defaults for OMX/cmex/m/n on input line 12.
LaTeX Font Info:    ... okay on input line 12.
LaTeX Font Info:    Checking defaults for U/cmr/m/n on input line 12.
LaTeX Font Info:    ... okay on input line 12.
LaTeX Font Info:    Checking defaults for PD1/pdf/m/n on input line 12.
LaTeX Font Info:    ... okay on input line 12.
\AtBeginShipoutBox=\box28
Package hyperref Info: Link coloring OFF on input line 12.

("C:\Program Files (x86)\MikTex\tex\latex\hyperref\nameref.sty"
Package: nameref 2010/04/30 v2.40 Cross-referencing by name of section

("C:\Program Files (x86)\MikTex\tex\generic\oberdiek\gettitlestring.sty"
Package: gettitlestring 2010/12/03 v1.4 Cleanup title references (HO)
)
\c@section@level=\count100
)
LaTeX Info: Redefining \ref on input line 12.
LaTeX Info: Redefining \pageref on input line 12.
LaTeX Info: Redefining \nameref on input line 12.

(C:\Users\Ward\Dia\LaTeX_DIA.out) (C:\Users\Ward\Dia\LaTeX_DIA.out)
\@outlinefile=\write3

<images/dia.png, id=51, 351.3125pt x 130.4875pt>
File: images/dia.png Graphic file (type png)
 <use images/dia.png>
Package pdftex.def Info: images/dia.png used on input line 23.
(pdftex.def)             Requested size: 351.31163pt x 130.48717pt.
LaTeX Font Info:    External font `cmex10' loaded for size
(Font)              <14.4> on input line 29.
LaTeX Font Info:    External font `cmex10' loaded for size
(Font)              <7> on input line 29.
 [1

{C:/Users/Ward/AppData/Local/MiKTeX/2.9/pdftex/config/pdftex.map} <C:/Users/War
d/Dia/images/dia.png>]
LaTeX Font Info:    External font `cmex10' loaded for size
(Font)              <12> on input line 35.
LaTeX Font Info:    External font `cmex10' loaded for size
(Font)              <8> on input line 35.
LaTeX Font Info:    External font `cmex10' loaded for size
(Font)              <6> on input line 35.
pdfTeX warning (ext4): destination with the same identifier (name{page.1}) has 
been already used, duplicate ignored
<to be read again> 
                   \relax 
l.39 \tableofcontents
                      [1] (C:\Users\Ward\Dia\LaTeX_DIA.toc)
\tf@toc=\write4
 [2

]
Chapter 1.
[3

]

Package Fancyhdr Warning: \headheight is too small (12.0pt): 
 Make it at least 14.49998pt.
 We now make it that large for the rest of the document.
 This may cause the page layout to be inconsistent, however.

[4] [5] <images/install_01.png, id=116, 342.5297pt x 108.405pt>
File: images/install_01.png Graphic file (type png)

<use images/install_01.png>
Package pdftex.def Info: images/install_01.png used on input line 94.
(pdftex.def)             Requested size: 171.26442pt x 54.20236pt.

<images/install_02.png, id=117, 228.855pt x 124.21407pt>
File: images/install_02.png Graphic file (type png)

<use images/install_02.png>
Package pdftex.def Info: images/install_02.png used on input line 107.
(pdftex.def)             Requested size: 171.64082pt x 93.16031pt.

<images/install_03.png, id=118, 386.19281pt x 299.61937pt>
File: images/install_03.png Graphic file (type png)

<use images/install_03.png>
Package pdftex.def Info: images/install_03.png used on input line 113.
(pdftex.def)             Requested size: 193.09592pt x 149.80931pt.

<images/install_04.png, id=119, 386.94562pt x 300.3722pt>
File: images/install_04.png Graphic file (type png)

<use images/install_04.png>
Package pdftex.def Info: images/install_04.png used on input line 114.
(pdftex.def)             Requested size: 193.47234pt x 150.18571pt.

<images/install_05.png, id=120, 385.44pt x 298.86656pt>
File: images/install_05.png Graphic file (type png)

<use images/install_05.png>
Package pdftex.def Info: images/install_05.png used on input line 119.
(pdftex.def)             Requested size: 192.71953pt x 149.4329pt.

<images/install_06.png, id=121, 384.6872pt x 298.86656pt>
File: images/install_06.png Graphic file (type png)

<use images/install_06.png>
Package pdftex.def Info: images/install_06.png used on input line 120.
(pdftex.def)             Requested size: 192.34312pt x 149.4329pt.
 [6pdfTeX warning (ext4): destination with the same identifier (name{figure.1.1
}) has been already used, duplicate ignored

\AtBegShi@Output ...ipout \box \AtBeginShipoutBox 
                                                  \fi \fi 
l.124 \end{figure}
                   <C:/Users/Ward/Dia/images/install_01.png> <C:/Users/Ward/Dia
/images/install_02.png>] [7pdfTeX warning (ext4): destination with the same ide
ntifier (name{figure.1.2}) has been already used, duplicate ignored

\AtBegShi@Output ...ipout \box \AtBeginShipoutBox 
                                                  \fi \fi 
l.128 \section
              {Gebruik van Dia}pdfTeX warning (ext4): destination with the same
 identifier (name{figure.1.3}) has been already used, duplicate ignored

\AtBegShi@Output ...ipout \box \AtBeginShipoutBox 
                                                  \fi \fi 
l.128 \section
              {Gebruik van Dia} <C:/Users/Ward/Dia/images/install_03.png> <C:/U
sers/Ward/Dia/images/install_04.png> <C:/Users/Ward/Dia/images/install_05.png> 
<C:/Users/Ward/Dia/images/install_06.png>]
<images/shape_01.png, id=140, 155.07938pt x 105.39375pt>
File: images/shape_01.png Graphic file (type png)

<use images/shape_01.png>
Package pdftex.def Info: images/shape_01.png used on input line 135.
(pdftex.def)             Requested size: 155.07898pt x 105.39348pt.
 [8pdfTeX warning (ext4): destination with the same identifier (name{figure.1.4
}) has been already used, duplicate ignored

\AtBegShi@Output ...ipout \box \AtBeginShipoutBox 
                                                  \fi \fi 
l.142 \paragraph
                *{} <C:/Users/Ward/Dia/images/shape_01.png>]
<images/shape_02.png, id=148, 392.96812pt x 224.33812pt>
File: images/shape_02.png Graphic file (type png)

<use images/shape_02.png>
Package pdftex.def Info: images/shape_02.png used on input line 145.
(pdftex.def)             Requested size: 392.96715pt x 224.33757pt.

Overfull \hbox (2.96715pt too wide) in paragraph at lines 145--148
 [][] 
 []

<images/shape_03.png, id=149, 329.73187pt x 164.86594pt>
File: images/shape_03.png Graphic file (type png)

<use images/shape_03.png>
Package pdftex.def Info: images/shape_03.png used on input line 152.
(pdftex.def)             Requested size: 329.73105pt x 164.86551pt.

<images/shape_04.png, id=150, 313.17pt x 335.75438pt>
File: images/shape_04.png Graphic file (type png)

<use images/shape_04.png>
Package pdftex.def Info: images/shape_04.png used on input line 163.
(pdftex.def)             Requested size: 313.16922pt x 335.75356pt.
 [9pdfTeX warning (ext4): destination with the same identifier (name{figure.1.5
}) has been already used, duplicate ignored

\AtBegShi@Output ...ipout \box \AtBeginShipoutBox 
                                                  \fi \fi 
l.167 \end{figure}
                  pdfTeX warning (ext4): destination with the same identifier (
name{figure.1.6}) has been already used, duplicate ignored

\AtBegShi@Output ...ipout \box \AtBeginShipoutBox 
                                                  \fi \fi 
l.167 \end{figure}
                   <C:/Users/Ward/Dia/images/shape_02.png> <C:/Users/Ward/Dia/i
mages/shape_03.png>] [10pdfTeX warning (ext4): destination with the same identi
fier (name{figure.1.7}) has been already used, duplicate ignored

\AtBegShi@Output ...ipout \box \AtBeginShipoutBox 
                                                  \fi \fi 
l.172 \subsection
                 {Werken met Dia} <C:/Users/Ward/Dia/images/shape_04.png>]
<images/werkveld_01.png, id=166, 603.0028pt x 645.16031pt>
File: images/werkveld_01.png Graphic file (type png)

<use images/werkveld_01.png>
Package pdftex.def Info: images/werkveld_01.png used on input line 176.
(pdftex.def)             Requested size: 301.50066pt x 322.57936pt.

<images/werkveld_02.png, id=167, 126.4725pt x 505.13719pt>
File: images/werkveld_02.png Graphic file (type png)

<use images/werkveld_02.png>
Package pdftex.def Info: images/werkveld_02.png used on input line 184.
(pdftex.def)             Requested size: 63.23608pt x 252.56798pt.
Missing character: There is no Ã in font cmr12!
Missing character: There is no ¯ in font cmr12!
 [11pdfTeX warning (ext4): destination with the same identifier (name{figure.1.
8}) has been already used, duplicate ignored

\AtBegShi@Output ...ipout \box \AtBeginShipoutBox 
                                                  \fi \fi 
l.191 \subsubsection
                    {Een diagram maken} <C:/Users/Ward/Dia/images/werkveld_01.p
ng>] <images/voorbeeldschema_elektronisch.png, id=176, 770.88pt x 511.15968pt>
File: images/voorbeeldschema_elektronisch.png Graphic file (type png)

<use images/voorbeeldschema_elektronisch.png>
Package pdftex.def Info: images/voorbeeldschema_elektronisch.png used on input 
line 195.
(pdftex.def)             Requested size: 385.43906pt x 255.57921pt.

<images/voorbeeldschema_elektrisch.png, id=177, 140.02313pt x 161.10187pt>
File: images/voorbeeldschema_elektrisch.png Graphic file (type png)

<use images/voorbeeldschema_elektrisch.png>
Package pdftex.def Info: images/voorbeeldschema_elektrisch.png used on input li
ne 201.
(pdftex.def)             Requested size: 140.02278pt x 161.10147pt.
 [12pdfTeX warning (ext4): destination with the same identifier (name{figure.1.
9}) has been already used, duplicate ignored

\AtBegShi@Output ...ipout \box \AtBeginShipoutBox 
                                                  \fi \fi 
l.205 \end{figure}
                   <C:/Users/Ward/Dia/images/werkveld_02.png>]
<images/voorbeeldschema_ERD.png, id=187, 1513.41882pt x 874.32529pt>
File: images/voorbeeldschema_ERD.png Graphic file (type png)

<use images/voorbeeldschema_ERD.png>
Package pdftex.def Info: images/voorbeeldschema_ERD.png used on input line 207.

(pdftex.def)             Requested size: 378.35378pt x 218.58078pt.

<images/voorbeeldschema_logisch.png, id=188, 121.95563pt x 176.15813pt>
File: images/voorbeeldschema_logisch.png Graphic file (type png)

<use images/voorbeeldschema_logisch.png>
Package pdftex.def Info: images/voorbeeldschema_logisch.png used on input line 
213.
(pdftex.def)             Requested size: 121.9553pt x 176.15768pt.
 [13pdfTeX warning (ext4): destination with the same identifier (name{figure.1.
10}) has been already used, duplicate ignored

\AtBegShi@Output ...ipout \box \AtBeginShipoutBox 
                                                  \fi \fi 
l.217 \end{figure}
                  pdfTeX warning (ext4): destination with the same identifier (
name{figure.1.11}) has been already used, duplicate ignored

\AtBegShi@Output ...ipout \box \AtBeginShipoutBox 
                                                  \fi \fi 
l.217 \end{figure}
                   <C:/Users/Ward/Dia/images/voorbeeldschema_elektronisch.png> 
<C:/Users/Ward/Dia/images/voorbeeldschema_elektrisch.png>]
<images/voorbeeldschema_mindmap.png, id=196, 338.01282pt x 173.14688pt>
File: images/voorbeeldschema_mindmap.png Graphic file (type png)

<use images/voorbeeldschema_mindmap.png>
Package pdftex.def Info: images/voorbeeldschema_mindmap.png used on input line 
219.
(pdftex.def)             Requested size: 338.01198pt x 173.14645pt.

<images/voorbeeldschema_stroomdiagram.png, id=197, 216.81pt x 350.05782pt>
File: images/voorbeeldschema_stroomdiagram.png Graphic file (type png)

<use images/voorbeeldschema_stroomdiagram.png>
Package pdftex.def Info: images/voorbeeldschema_stroomdiagram.png used on input
 line 225.
(pdftex.def)             Requested size: 216.80946pt x 350.05695pt.
 [14pdfTeX warning (ext4): destination with the same identifier (name{figure.1.
12}) has been already used, duplicate ignored

\AtBegShi@Output ...ipout \box \AtBeginShipoutBox 
                                                  \fi \fi 
l.229 \end{figure}
                  pdfTeX warning (ext4): destination with the same identifier (
name{figure.1.13}) has been already used, duplicate ignored

\AtBegShi@Output ...ipout \box \AtBeginShipoutBox 
                                                  \fi \fi 
l.229 \end{figure}
                   <C:/Users/Ward/Dia/images/voorbeeldschema_ERD.png> <C:/Users
/Ward/Dia/images/voorbeeldschema_logisch.png>] [15pdfTeX warning (ext4): destin
ation with the same identifier (name{figure.1.14}) has been already used, dupli
cate ignored

\AtBegShi@Output ...ipout \box \AtBeginShipoutBox 
                                                  \fi \fi 
l.234 \chapter
              {Versiebeheer}pdfTeX warning (ext4): destination with the same id
entifier (name{figure.1.15}) has been already used, duplicate ignored

\AtBegShi@Output ...ipout \box \AtBeginShipoutBox 
                                                  \fi \fi 
l.234 \chapter
              {Versiebeheer} <C:/Users/Ward/Dia/images/voorbeeldschema_mindmap.
png> <C:/Users/Ward/Dia/images/voorbeeldschema_stroomdiagram.png>]
Chapter 2.
<images/git_01.png, id=211, 482.55281pt x 44.41594pt>
File: images/git_01.png Graphic file (type png)
 <use images/git_01.png>
Package pdftex.def Info: images/git_01.png used on input line 255.
(pdftex.def)             Requested size: 361.91371pt x 33.31186pt.

[16

] <images/git_02.png, id=221, 483.30562pt x 85.06781pt>
File: images/git_02.png Graphic file (type png)

<use images/git_02.png>
Package pdftex.def Info: images/git_02.png used on input line 263.
(pdftex.def)             Requested size: 362.47833pt x 63.80069pt.
 <images/git_03.png, id=222, 482.55281pt x 106.14656pt>
File: images/git_03.png Graphic file (type png)

<use images/git_03.png>
Package pdftex.def Info: images/git_03.png used on input line 271.
(pdftex.def)             Requested size: 361.91371pt x 79.60973pt.
 [17pdfTeX warning (ext4): destination with the same identifier (name{figure.2.
1}) has been already used, duplicate ignored

\AtBegShi@Output ...ipout \box \AtBeginShipoutBox 
                                                  \fi \fi 
l.277 \listoffigures
                    pdfTeX warning (ext4): destination with the same identifier
 (name{figure.2.2}) has been already used, duplicate ignored

\AtBegShi@Output ...ipout \box \AtBeginShipoutBox 
                                                  \fi \fi 
l.277 \listoffigures
                    pdfTeX warning (ext4): destination with the same identifier
 (name{figure.2.3}) has been already used, duplicate ignored

\AtBegShi@Output ...ipout \box \AtBeginShipoutBox 
                                                  \fi \fi 
l.277 \listoffigures
                     <C:/Users/Ward/Dia/images/git_01.png> <C:/Users/Ward/Dia/i
mages/git_02.png> <C:/Users/Ward/Dia/images/git_03.png>]
(C:\Users\Ward\Dia\LaTeX_DIA.lof
Missing character: There is no Ã in font cmr12!
Missing character: There is no ¯ in font cmr12!
)
\tf@lof=\write5
 [18

] (C:\Users\Ward\Dia\LaTeX_DIA.lot)
\tf@lot=\write6

AED: lastpage setting LastPage [19

]
Package atveryend Info: Empty hook `BeforeClearDocument' on input line 284.
Package atveryend Info: Empty hook `AfterLastShipout' on input line 284.
 (C:\Users\Ward\Dia\LaTeX_DIA.aux)
Package atveryend Info: Executing hook `AtVeryEndDocument' on input line 284.
Package atveryend Info: Executing hook `AtEndAfterFileList' on input line 284.
Package rerunfilecheck Info: File `LaTeX_DIA.out' has not changed.
(rerunfilecheck)             Checksum: 6FA799CB0B3FC288796156AC8E8B3CE0;744.


LaTeX Warning: Label(s) may have changed. Rerun to get cross-references right.

 ) 
Here is how much of TeX's memory you used:
 4929 strings out of 494045
 73135 string characters out of 3147584
 153011 words of memory out of 3000000
 8090 multiletter control sequences out of 15000+200000
 9761 words of font info for 34 fonts, out of 3000000 for 9000
 715 hyphenation exceptions out of 8191
 29i,10n,43p,807b,500s stack positions out of 5000i,500n,10000p,200000b,50000s
<C:/Program Files (x86)/MikTex/fonts/type1/public/amsfonts/cm/cmbx12.pfb><C:/
Program Files (x86)/MikTex/fonts/type1/public/amsfonts/cm/cmr12.pfb><C:/Program
 Files (x86)/MikTex/fonts/type1/public/amsfonts/cm/cmr17.pfb><C:/Program Files 
(x86)/MikTex/fonts/type1/public/amsfonts/cm/cmr8.pfb><C:/Program Files (x86)/Mi
kTex/fonts/type1/public/amsfonts/cm/cmti12.pfb>
Output written on LaTeX_DIA.pdf (20 pages, 1125928 bytes).
PDF statistics:
 302 PDF objects out of 1000 (max. 8388607)
 91 named destinations out of 1000 (max. 500000)
 207 words of extra memory for PDF output out of 10000 (max. 10000000)

